<?xml version="1.0" encoding="UTF-8"?>
<testng-results skipped="0" failed="0" ignored="0" total="2" passed="2">
  <reporter-output>
  </reporter-output>
  <suite name="Default suite" duration-ms="3061" started-at="2022-06-04T06:35:27Z" finished-at="2022-06-04T06:35:30Z">
    <groups>
    </groups>
    <test name="Default test" duration-ms="3061" started-at="2022-06-04T06:35:27Z" finished-at="2022-06-04T06:35:30Z">
      <class name="restapixml.XMLTest">
        <test-method status="PASS" signature="test1()[pri:0, instance:restapixml.XMLTest@69b0fd6f]" name="test1" duration-ms="1776" started-at="2022-06-04T06:35:27Z" finished-at="2022-06-04T06:35:29Z">
          <reporter-output>
          </reporter-output>
        </test-method> <!-- test1 -->
        <test-method status="PASS" signature="test2()[pri:0, instance:restapixml.XMLTest@69b0fd6f]" name="test2" duration-ms="1255" started-at="2022-06-04T06:35:29Z" finished-at="2022-06-04T06:35:30Z">
          <reporter-output>
          </reporter-output>
        </test-method> <!-- test2 -->
      </class> <!-- restapixml.XMLTest -->
    </test> <!-- Default test -->
  </suite> <!-- Default suite -->
</testng-results>
